<?xml version="1.0" encoding="UTF-8"?>
<testng-results ignored="0" total="2" passed="2" failed="0" skipped="0">
  <reporter-output>
  </reporter-output>
  <suite started-at="2025-07-08T13:22:03 BST" name="Default suite" finished-at="2025-07-08T13:22:39 BST" duration-ms="35689">
    <groups>
      <group name="Purchase">
        <method signature="MainTest.submitOrder(java.util.HashMap)[pri:0, instance:frameworkdesign.test.MainTest@fbd1f6]" name="submitOrder" class="frameworkdesign.test.MainTest"/>
      </group> <!-- Purchase -->
    </groups>
    <test started-at="2025-07-08T13:22:03 BST" name="Default test" finished-at="2025-07-08T13:22:39 BST" duration-ms="35689">
      <class name="frameworkdesign.test.MainTest">
        <test-method is-config="true" signature="launchApplication()[pri:0, instance:frameworkdesign.test.MainTest@fbd1f6]" started-at="2025-07-08T13:22:03 BST" name="launchApplication" finished-at="2025-07-08T13:22:09 BST" duration-ms="5550" status="PASS">
          <reporter-output>
          </reporter-output>
        </test-method> <!-- launchApplication -->
        <test-method signature="submitOrder(java.util.HashMap)[pri:0, instance:frameworkdesign.test.MainTest@fbd1f6]" started-at="2025-07-08T13:22:09 BST" name="submitOrder" data-provider="getData" finished-at="2025-07-08T13:22:23 BST" duration-ms="13773" status="PASS">
          <params>
            <param index="0">
              <value>
                <![CDATA[{password=Rudrakshi@1927, product=ZARA COAT 3, email=ingaleshwarsharan412@gmail.com}]]>
              </value>
            </param>
          </params>
          <reporter-output>
          </reporter-output>
        </test-method> <!-- submitOrder -->
        <test-method is-config="true" signature="quit()[pri:0, instance:frameworkdesign.test.MainTest@fbd1f6]" started-at="2025-07-08T13:22:23 BST" name="quit" finished-at="2025-07-08T13:22:23 BST" duration-ms="368" status="PASS">
          <reporter-output>
          </reporter-output>
        </test-method> <!-- quit -->
        <test-method is-config="true" signature="launchApplication()[pri:0, instance:frameworkdesign.test.MainTest@fbd1f6]" started-at="2025-07-08T13:22:23 BST" name="launchApplication" finished-at="2025-07-08T13:22:25 BST" duration-ms="2071" status="PASS">
          <reporter-output>
          </reporter-output>
        </test-method> <!-- launchApplication -->
        <test-method signature="submitOrder(java.util.HashMap)[pri:0, instance:frameworkdesign.test.MainTest@fbd1f6]" started-at="2025-07-08T13:22:25 BST" name="submitOrder" data-provider="getData" finished-at="2025-07-08T13:22:38 BST" duration-ms="13151" status="PASS">
          <params>
            <param index="0">
              <value>
                <![CDATA[{password=Chandra@1927, product=ADIDAS ORIGINAL, email=rudrakshi@gmail.com}]]>
              </value>
            </param>
          </params>
          <reporter-output>
          </reporter-output>
        </test-method> <!-- submitOrder -->
        <test-method is-config="true" signature="quit()[pri:0, instance:frameworkdesign.test.MainTest@fbd1f6]" started-at="2025-07-08T13:22:38 BST" name="quit" finished-at="2025-07-08T13:22:39 BST" duration-ms="399" status="PASS">
          <reporter-output>
          </reporter-output>
        </test-method> <!-- quit -->
      </class> <!-- frameworkdesign.test.MainTest -->
    </test> <!-- Default test -->
  </suite> <!-- Default suite -->
</testng-results>
